03/03/2011 11:55:028  INFO - dando touch....
03/03/2011 11:55:030  INFO - dando touch....
03/03/2011 11:55:032  INFO - dando touch....
03/03/2011 11:55:034  INFO - dando touch....
03/03/2011 11:55:036  INFO - dando touch....
03/03/2011 11:55:038  INFO - dando touch....
03/03/2011 11:55:040  INFO - dando touch....
03/03/2011 11:56:058  INFO - iniciando coleta de random numbers: Thu Mar 03 11:56:58 BRT 2011
03/03/2011 12:00:037  INFO - iniciando coleta de random numbers. 
03/03/2011 12:00:037  INFO - iniciando coleta da bola: 0
03/03/2011 12:00:047  INFO - iniciando coleta da bola: 0
03/03/2011 12:01:004  INFO - iniciando coleta de random numbers. 
03/03/2011 12:01:004  INFO - iniciando coleta da bola: 0
03/03/2011 12:01:005  INFO - iniciando coleta da bola: 1
03/03/2011 12:01:007  INFO - iniciando coleta da bola: 2
03/03/2011 12:01:009  INFO - iniciando coleta da bola: 3
03/03/2011 12:01:011  INFO - iniciando coleta da bola: 4
03/03/2011 12:01:013  INFO - iniciando coleta da bola: 5
03/03/2011 12:01:016  INFO - iniciando coleta de random numbers. 
03/03/2011 12:01:016  INFO - iniciando coleta da bola: 0
03/03/2011 12:01:017  INFO - iniciando coleta da bola: 1
03/03/2011 12:01:018  INFO - iniciando coleta da bola: 2
03/03/2011 12:01:020  INFO - iniciando coleta da bola: 3
03/03/2011 12:14:021  INFO - iniciando coleta de random numbers. 
03/03/2011 12:14:024  INFO - iniciando coleta de random numbers. 
03/03/2011 12:15:004  INFO - iniciando coleta de random numbers. 
03/03/2011 12:15:007  INFO - iniciando coleta de random numbers. 
03/03/2011 12:15:009  INFO - iniciando coleta de random numbers. 
03/03/2011 12:15:011  INFO - iniciando coleta de random numbers. 
03/03/2011 12:15:013  INFO - iniciando coleta de random numbers. 
03/03/2011 12:15:015  INFO - iniciando coleta de random numbers. 
03/03/2011 12:15:017  INFO - iniciando coleta de random numbers. 
03/03/2011 12:15:019  INFO - iniciando coleta de random numbers. 
03/03/2011 12:15:021  INFO - iniciando coleta de random numbers. 
03/03/2011 12:15:023  INFO - iniciando coleta de random numbers. 
03/03/2011 12:15:025  INFO - iniciando coleta de random numbers. 
03/03/2011 12:15:027  INFO - iniciando coleta de random numbers. 
03/03/2011 12:15:029  INFO - iniciando coleta de random numbers. 
03/03/2011 12:15:031  INFO - iniciando coleta de random numbers. 
03/03/2011 12:15:033  INFO - iniciando coleta de random numbers. 
03/03/2011 12:15:035  INFO - iniciando coleta de random numbers. 
03/03/2011 12:15:037  INFO - iniciando coleta de random numbers. 
03/03/2011 12:15:039  INFO - iniciando coleta de random numbers. 
03/03/2011 12:15:041  INFO - iniciando coleta de random numbers. 
03/03/2011 12:15:043  INFO - iniciando coleta de random numbers. 
03/03/2011 12:15:045  INFO - iniciando coleta de random numbers. 
03/03/2011 12:15:047  INFO - iniciando coleta de random numbers. 
03/03/2011 12:15:049  INFO - iniciando coleta de random numbers. 
03/03/2011 12:15:051  INFO - iniciando coleta de random numbers. 
03/03/2011 12:15:053  INFO - iniciando coleta de random numbers. 
03/03/2011 12:15:055  INFO - iniciando coleta de random numbers. 
03/03/2011 12:15:057  INFO - iniciando coleta de random numbers. 
03/03/2011 12:15:059  INFO - iniciando coleta de random numbers. 
03/03/2011 12:16:001  INFO - iniciando coleta de random numbers. 
03/03/2011 12:16:003  INFO - iniciando coleta de random numbers. 
03/03/2011 12:16:005  INFO - iniciando coleta de random numbers. 
03/03/2011 12:21:055  INFO - iniciando coleta de random numbers. 
03/03/2011 12:21:055  INFO - start processamento do round: 0
03/03/2011 12:21:055  INFO - iniciando coleta da bola: 0
03/03/2011 12:22:010  INFO - iniciando coleta de random numbers. 
03/03/2011 12:22:011  INFO - start processamento do round: 0
03/03/2011 12:22:011  INFO - iniciando coleta da bola: 0
03/03/2011 12:22:018  INFO - iniciando coleta da bola: 1
03/03/2011 12:22:028  INFO - iniciando coleta da bola: 2
03/03/2011 12:22:030  INFO - iniciando coleta da bola: 3
03/03/2011 12:22:032  INFO - iniciando coleta da bola: 4
03/03/2011 12:22:033  INFO - iniciando coleta da bola: 5
03/03/2011 12:22:037  INFO - iniciando coleta de random numbers. 
03/03/2011 12:22:037  INFO - start processamento do round: 0
03/03/2011 12:22:037  INFO - iniciando coleta da bola: 0
03/03/2011 12:22:042  INFO - iniciando coleta da bola: 1
03/03/2011 12:22:050  INFO - iniciando coleta da bola: 2
03/03/2011 12:22:052  INFO - iniciando coleta da bola: 3
03/03/2011 12:22:055  INFO - iniciando coleta da bola: 4
03/03/2011 12:24:010  INFO - iniciando coleta de random numbers. 
03/03/2011 12:24:010  INFO - start processamento do round: 1
03/03/2011 12:24:010  INFO - iniciando coleta da bola: 0
03/03/2011 12:24:024  INFO - iniciando coleta da bola: 1
03/03/2011 12:24:036  INFO - iniciando coleta da bola: 2
03/03/2011 12:24:057  INFO - iniciando coleta da bola: 3
03/03/2011 12:25:018  INFO - iniciando coleta da bola: 4
03/03/2011 12:25:022  INFO - iniciando coleta da bola: 5
03/03/2011 12:25:024  INFO - iniciando coleta de random numbers. 
03/03/2011 12:25:024  INFO - start processamento do round: 2
03/03/2011 12:25:024  INFO - iniciando coleta da bola: 0
03/03/2011 12:25:038  INFO - iniciando coleta da bola: 1
03/03/2011 12:26:011  INFO - iniciando coleta de random numbers. 
03/03/2011 12:26:011  INFO - start processamento do round: 3
03/03/2011 12:26:011  INFO - iniciando coleta da bola: 1
03/03/2011 12:28:011  INFO - iniciando coleta de random numbers. 
03/03/2011 12:28:012  INFO - start processamento do round: 3
03/03/2011 12:28:012  INFO - iniciando coleta da bola: 1
03/03/2011 12:28:012  INFO - iniciando coleta da bola: 2
03/03/2011 12:28:013  INFO - iniciando coleta da bola: 3
03/03/2011 12:28:013  INFO - iniciando coleta da bola: 4
03/03/2011 12:28:015  INFO - iniciando coleta da bola: 5
03/03/2011 12:28:015  INFO - iniciando coleta da bola: 6
03/03/2011 12:28:016  INFO - iniciando coleta de random numbers. 
03/03/2011 12:28:016  INFO - start processamento do round: 4
03/03/2011 12:28:016  INFO - iniciando coleta da bola: 1
03/03/2011 12:28:017  INFO - iniciando coleta da bola: 2
03/03/2011 12:28:018  INFO - iniciando coleta da bola: 3
03/03/2011 12:28:020  INFO - iniciando coleta da bola: 4
03/03/2011 12:28:024  INFO - iniciando coleta da bola: 5
03/03/2011 12:28:025  INFO - iniciando coleta da bola: 6
03/03/2011 12:28:026  INFO - iniciando coleta de random numbers. 
03/03/2011 12:28:026  INFO - start processamento do round: 5
03/03/2011 12:28:026  INFO - iniciando coleta da bola: 1
03/03/2011 12:28:026  INFO - iniciando coleta da bola: 2
03/03/2011 12:28:027  INFO - iniciando coleta da bola: 3
03/03/2011 12:28:028  INFO - iniciando coleta da bola: 4
03/03/2011 12:28:029  INFO - iniciando coleta da bola: 5
03/03/2011 12:28:029  INFO - iniciando coleta da bola: 6
03/03/2011 12:28:030  INFO - iniciando coleta de random numbers. 
03/03/2011 12:28:030  INFO - start processamento do round: 6
03/03/2011 12:28:030  INFO - iniciando coleta da bola: 1
03/03/2011 12:28:030  INFO - iniciando coleta da bola: 2
03/03/2011 12:28:030  INFO - iniciando coleta da bola: 3
03/03/2011 12:28:032  INFO - iniciando coleta da bola: 4
03/03/2011 12:28:033  INFO - iniciando coleta da bola: 5
03/03/2011 12:28:035  INFO - iniciando coleta da bola: 6
03/03/2011 12:28:036  INFO - iniciando coleta de random numbers. 
03/03/2011 12:28:036  INFO - start processamento do round: 7
03/03/2011 12:28:036  INFO - iniciando coleta da bola: 1
03/03/2011 12:28:037  INFO - iniciando coleta da bola: 2
03/03/2011 12:28:037  INFO - iniciando coleta da bola: 3
03/03/2011 12:28:038  INFO - iniciando coleta da bola: 4
03/03/2011 12:28:038  INFO - iniciando coleta da bola: 5
03/03/2011 12:28:039  INFO - iniciando coleta da bola: 6
03/03/2011 12:28:039  INFO - iniciando coleta de random numbers. 
03/03/2011 12:28:039  INFO - start processamento do round: 8
03/03/2011 12:28:039  INFO - iniciando coleta da bola: 1
03/03/2011 12:28:040  INFO - iniciando coleta da bola: 2
03/03/2011 12:28:041  INFO - iniciando coleta da bola: 3
03/03/2011 12:28:041  INFO - iniciando coleta da bola: 4
03/03/2011 12:28:042  INFO - iniciando coleta da bola: 5
03/03/2011 12:28:042  INFO - iniciando coleta da bola: 6
03/03/2011 12:28:043  INFO - iniciando coleta de random numbers. 
03/03/2011 12:28:043  INFO - start processamento do round: 9
03/03/2011 12:28:043  INFO - iniciando coleta da bola: 1
03/03/2011 12:28:044  INFO - iniciando coleta da bola: 2
03/03/2011 12:29:013  INFO - iniciando coleta de random numbers. 
03/03/2011 12:29:013  INFO - start processamento do round: 10
03/03/2011 12:29:013  INFO - iniciando coleta da bola: 1
03/03/2011 12:29:014  INFO - iniciando coleta da bola: 2
03/03/2011 12:29:015  INFO - iniciando coleta da bola: 3
03/03/2011 12:29:038  INFO - iniciando coleta de random numbers. 
03/03/2011 12:29:038  INFO - start processamento do round: 11
03/03/2011 12:29:038  INFO - iniciando coleta da bola: 1
03/03/2011 12:29:042  INFO - iniciando coleta da bola: 2
03/03/2011 12:29:043  INFO - iniciando coleta da bola: 3
03/03/2011 12:29:043  INFO - iniciando coleta da bola: 4
03/03/2011 12:29:044  INFO - iniciando coleta da bola: 5
03/03/2011 12:29:044  INFO - iniciando coleta da bola: 6
03/03/2011 12:29:045  INFO - iniciando coleta de random numbers. 
03/03/2011 12:29:045  INFO - start processamento do round: 12
03/03/2011 12:29:045  INFO - iniciando coleta da bola: 1
03/03/2011 12:29:046  INFO - iniciando coleta da bola: 2
03/03/2011 12:29:046  INFO - iniciando coleta da bola: 3
03/03/2011 12:29:047  INFO - iniciando coleta da bola: 4
03/03/2011 12:29:047  INFO - iniciando coleta da bola: 5
03/03/2011 12:29:048  INFO - iniciando coleta da bola: 6
03/03/2011 12:29:050  INFO - iniciando coleta de random numbers. 
03/03/2011 12:29:050  INFO - start processamento do round: 13
03/03/2011 12:29:050  INFO - iniciando coleta da bola: 1
03/03/2011 12:29:054  INFO - iniciando coleta da bola: 2
03/03/2011 12:29:054  INFO - iniciando coleta da bola: 3
03/03/2011 12:29:055  INFO - iniciando coleta da bola: 4
03/03/2011 12:29:056  INFO - iniciando coleta da bola: 5
03/03/2011 12:29:057  INFO - iniciando coleta da bola: 6
03/03/2011 12:29:057  INFO - iniciando coleta de random numbers. 
03/03/2011 12:29:057  INFO - start processamento do round: 14
03/03/2011 12:29:057  INFO - iniciando coleta da bola: 1
03/03/2011 12:29:058  INFO - iniciando coleta da bola: 2
03/03/2011 12:29:058  INFO - iniciando coleta da bola: 3
03/03/2011 12:29:059  INFO - iniciando coleta da bola: 4
03/03/2011 12:29:059  INFO - iniciando coleta da bola: 5
03/03/2011 12:29:059  INFO - iniciando coleta da bola: 6
03/03/2011 12:30:000  INFO - iniciando coleta de random numbers. 
03/03/2011 12:30:000  INFO - start processamento do round: 15
03/03/2011 12:30:000  INFO - iniciando coleta da bola: 1
03/03/2011 14:10:007  INFO - iniciando coleta de random numbers. 
03/03/2011 14:10:008  INFO - start processamento do round: 0
03/03/2011 14:10:008  INFO - iniciando coleta da bola: 1
